<?xml version="1.0" encoding="UTF-8"?>
<testng-results skipped="0" failed="1" ignored="0" total="3" passed="2">
  <reporter-output>
  </reporter-output>
  <suite name="GyanCRM-Git Test Suite" duration-ms="54076" started-at="2020-06-04T10:46:51Z" finished-at="2020-06-04T10:47:45Z">
    <groups>
    </groups>
    <test name="GyanCRM-Git Test Cases" duration-ms="54076" started-at="2020-06-04T10:46:51Z" finished-at="2020-06-04T10:47:45Z">
      <class name="com.crm.qa.testcases.LoginPageTest">
        <test-method status="PASS" signature="setUp()[pri:0, instance:com.crm.qa.testcases.LoginPageTest@5025a98f]" name="setUp" is-config="true" duration-ms="21358" started-at="2020-06-04T16:16:51Z" finished-at="2020-06-04T16:17:13Z">
          <reporter-output>
          </reporter-output>
        </test-method> <!-- setUp -->
        <test-method status="FAIL" signature="TitleTest()[pri:1, instance:com.crm.qa.testcases.LoginPageTest@5025a98f]" name="TitleTest" duration-ms="98" started-at="2020-06-04T16:17:13Z" finished-at="2020-06-04T16:17:13Z">
          <exception class="java.lang.AssertionError">
            <message>
              <![CDATA[expected [CRM] but found [Cogmento CRM]]]>
            </message>
            <full-stacktrace>
              <![CDATA[java.lang.AssertionError: expected [CRM] but found [Cogmento CRM]
	at org.testng.Assert.fail(Assert.java:93)
	at org.testng.Assert.failNotEquals(Assert.java:512)
	at org.testng.Assert.assertEqualsImpl(Assert.java:134)
	at org.testng.Assert.assertEquals(Assert.java:115)
	at org.testng.Assert.assertEquals(Assert.java:189)
	at org.testng.Assert.assertEquals(Assert.java:199)
	at com.crm.qa.testcases.LoginPageTest.TitleTest(LoginPageTest.java:29)
	at sun.reflect.NativeMethodAccessorImpl.invoke0(Native Method)
	at sun.reflect.NativeMethodAccessorImpl.invoke(NativeMethodAccessorImpl.java:62)
	at sun.reflect.DelegatingMethodAccessorImpl.invoke(DelegatingMethodAccessorImpl.java:43)
	at java.lang.reflect.Method.invoke(Method.java:498)
	at org.testng.internal.MethodInvocationHelper.invokeMethod(MethodInvocationHelper.java:108)
	at org.testng.internal.Invoker.invokeMethod(Invoker.java:661)
	at org.testng.internal.Invoker.invokeTestMethod(Invoker.java:869)
	at org.testng.internal.Invoker.invokeTestMethods(Invoker.java:1193)
	at org.testng.internal.TestMethodWorker.invokeTestMethods(TestMethodWorker.java:126)
	at org.testng.internal.TestMethodWorker.run(TestMethodWorker.java:109)
	at org.testng.TestRunner.privateRun(TestRunner.java:744)
	at org.testng.TestRunner.run(TestRunner.java:602)
	at org.testng.SuiteRunner.runTest(SuiteRunner.java:380)
	at org.testng.SuiteRunner.runSequentially(SuiteRunner.java:375)
	at org.testng.SuiteRunner.privateRun(SuiteRunner.java:340)
	at org.testng.SuiteRunner.run(SuiteRunner.java:289)
	at org.testng.SuiteRunnerWorker.runSuite(SuiteRunnerWorker.java:52)
	at org.testng.SuiteRunnerWorker.run(SuiteRunnerWorker.java:86)
	at org.testng.TestNG.runSuitesSequentially(TestNG.java:1301)
	at org.testng.TestNG.runSuitesLocally(TestNG.java:1226)
	at org.testng.TestNG.runSuites(TestNG.java:1144)
	at org.testng.TestNG.run(TestNG.java:1115)
	at org.testng.remote.AbstractRemoteTestNG.run(AbstractRemoteTestNG.java:132)
	at org.testng.remote.RemoteTestNG.initAndRun(RemoteTestNG.java:230)
	at org.testng.remote.RemoteTestNG.main(RemoteTestNG.java:76)
]]>
            </full-stacktrace>
          </exception> <!-- java.lang.AssertionError -->
          <reporter-output>
          </reporter-output>
        </test-method> <!-- TitleTest -->
        <test-method status="PASS" signature="tearDown()[pri:0, instance:com.crm.qa.testcases.LoginPageTest@5025a98f]" name="tearDown" is-config="true" duration-ms="952" started-at="2020-06-04T16:17:13Z" finished-at="2020-06-04T16:17:14Z">
          <reporter-output>
          </reporter-output>
        </test-method> <!-- tearDown -->
        <test-method status="PASS" signature="setUp()[pri:0, instance:com.crm.qa.testcases.LoginPageTest@5025a98f]" name="setUp" is-config="true" duration-ms="14759" started-at="2020-06-04T16:17:14Z" finished-at="2020-06-04T16:17:29Z">
          <reporter-output>
          </reporter-output>
        </test-method> <!-- setUp -->
        <test-method status="PASS" signature="EmailFieldPresentTest()[pri:2, instance:com.crm.qa.testcases.LoginPageTest@5025a98f]" name="EmailFieldPresentTest" duration-ms="100" started-at="2020-06-04T16:17:29Z" finished-at="2020-06-04T16:17:29Z">
          <reporter-output>
          </reporter-output>
        </test-method> <!-- EmailFieldPresentTest -->
        <test-method status="PASS" signature="tearDown()[pri:0, instance:com.crm.qa.testcases.LoginPageTest@5025a98f]" name="tearDown" is-config="true" duration-ms="1467" started-at="2020-06-04T16:17:29Z" finished-at="2020-06-04T16:17:30Z">
          <reporter-output>
          </reporter-output>
        </test-method> <!-- tearDown -->
        <test-method status="PASS" signature="setUp()[pri:0, instance:com.crm.qa.testcases.LoginPageTest@5025a98f]" name="setUp" is-config="true" duration-ms="11229" started-at="2020-06-04T16:17:30Z" finished-at="2020-06-04T16:17:41Z">
          <reporter-output>
          </reporter-output>
        </test-method> <!-- setUp -->
        <test-method status="PASS" signature="LoginTest()[pri:3, instance:com.crm.qa.testcases.LoginPageTest@5025a98f]" name="LoginTest" duration-ms="748" started-at="2020-06-04T16:17:41Z" finished-at="2020-06-04T16:17:42Z">
          <reporter-output>
          </reporter-output>
        </test-method> <!-- LoginTest -->
        <test-method status="PASS" signature="tearDown()[pri:0, instance:com.crm.qa.testcases.LoginPageTest@5025a98f]" name="tearDown" is-config="true" duration-ms="2928" started-at="2020-06-04T16:17:42Z" finished-at="2020-06-04T16:17:45Z">
          <reporter-output>
          </reporter-output>
        </test-method> <!-- tearDown -->
      </class> <!-- com.crm.qa.testcases.LoginPageTest -->
    </test> <!-- GyanCRM-Git Test Cases -->
  </suite> <!-- GyanCRM-Git Test Suite -->
</testng-results>
